<?xml version="1.0" encoding="UTF-8"?>
<!-- Generated by org.testng.reporters.JUnitXMLReporter -->
<testsuite ignored="0" hostname="DESKTOP-2HDRPNE" failures="0" tests="5" name="Default test" time="24.111" errors="0" timestamp="2023-11-29T08:50:54 EET">
  <testcase classname="firstproject.testcases" name="mytest" time="8.727"/>
  <testcase classname="firstproject.testcases" name="mytest" time="3.698"/>
  <testcase classname="firstproject.testcases" name="mytest" time="3.802"/>
  <testcase classname="firstproject.testcases" name="mytest" time="3.781"/>
  <testcase classname="firstproject.testcases" name="mytest" time="3.773"/>
</testsuite> <!-- Default test -->
