<?xml version="1.0" encoding="UTF-8"?>
<testng-results ignored="0" total="5" passed="5" failed="0" skipped="0">
  <reporter-output>
  </reporter-output>
  <suite started-at="2023-11-29T08:50:29 EET" name="Default suite" finished-at="2023-11-29T08:50:53 EET" duration-ms="24111">
    <groups>
    </groups>
    <test started-at="2023-11-29T08:50:29 EET" name="Default test" finished-at="2023-11-29T08:50:53 EET" duration-ms="24111">
      <class name="firstproject.testcases">
        <test-method is-config="true" signature="setup()[pri:0, instance:firstproject.testcases@5a4bef8]" started-at="2023-11-29T08:50:29 EET" name="setup" finished-at="2023-11-29T08:50:29 EET" duration-ms="185" status="PASS">
          <reporter-output>
          </reporter-output>
        </test-method> <!-- setup -->
        <test-method signature="mytest()[pri:0, instance:firstproject.testcases@5a4bef8]" started-at="2023-11-29T08:50:29 EET" name="mytest" finished-at="2023-11-29T08:50:38 EET" duration-ms="8727" status="PASS">
          <reporter-output>
          </reporter-output>
        </test-method> <!-- mytest -->
        <test-method signature="mytest()[pri:0, instance:firstproject.testcases@5a4bef8]" started-at="2023-11-29T08:50:38 EET" name="mytest" finished-at="2023-11-29T08:50:42 EET" duration-ms="3698" status="PASS">
          <reporter-output>
          </reporter-output>
        </test-method> <!-- mytest -->
        <test-method signature="mytest()[pri:0, instance:firstproject.testcases@5a4bef8]" started-at="2023-11-29T08:50:42 EET" name="mytest" finished-at="2023-11-29T08:50:46 EET" duration-ms="3802" status="PASS">
          <reporter-output>
          </reporter-output>
        </test-method> <!-- mytest -->
        <test-method signature="mytest()[pri:0, instance:firstproject.testcases@5a4bef8]" started-at="2023-11-29T08:50:46 EET" name="mytest" finished-at="2023-11-29T08:50:49 EET" duration-ms="3781" status="PASS">
          <reporter-output>
          </reporter-output>
        </test-method> <!-- mytest -->
        <test-method signature="mytest()[pri:0, instance:firstproject.testcases@5a4bef8]" started-at="2023-11-29T08:50:49 EET" name="mytest" finished-at="2023-11-29T08:50:53 EET" duration-ms="3773" status="PASS">
          <reporter-output>
          </reporter-output>
        </test-method> <!-- mytest -->
        <test-method is-config="true" signature="posttesting()[pri:0, instance:firstproject.testcases@5a4bef8]" started-at="2023-11-29T08:50:53 EET" name="posttesting" finished-at="2023-11-29T08:50:53 EET" duration-ms="1" status="PASS">
          <reporter-output>
          </reporter-output>
        </test-method> <!-- posttesting -->
      </class> <!-- firstproject.testcases -->
    </test> <!-- Default test -->
  </suite> <!-- Default suite -->
</testng-results>
